kotlin version: 2.0.21
error message: java.lang.Exception: IR lowering failed at: MainActivity.kt
	at androidx.compose.compiler.plugins.kotlin.lower.DurableFunctionKeyTransformer.visitFile(DurableFunctionKeyTransformer.kt:299)
	at org.jetbrains.kotlin.ir.visitors.IrElementTransformerVoid.visitFile(IrElementTransformerVoid.kt:163)
	at org.jetbrains.kotlin.ir.visitors.IrElementTransformerVoid.visitFile(IrElementTransformerVoid.kt:19)
	at org.jetbrains.kotlin.ir.declarations.IrFile.accept(IrFile.kt:28)
	at org.jetbrains.kotlin.ir.declarations.IrFile.transform(IrFile.kt:31)
	at org.jetbrains.kotlin.ir.declarations.IrFile.transform(IrFile.kt:20)
	at org.jetbrains.kotlin.ir.util.TransformKt.transformInPlace(transform.kt:35)
	at org.jetbrains.kotlin.ir.declarations.IrModuleFragment.transformChildren(IrModuleFragment.kt:43)
	at org.jetbrains.kotlin.ir.visitors.IrElementTransformerVoidKt.transformChildrenVoid(IrElementTransformerVoid.kt:565)
	at androidx.compose.compiler.plugins.kotlin.lower.DurableKeyTransformer.lower(DurableKeyTransformer.kt:86)
	at androidx.compose.compiler.plugins.kotlin.ComposeIrGenerationExtension.generate(ComposeIrGenerationExtension.kt:157)
	at org.jetbrains.kotlin.fir.pipeline.ConvertToIrKt.applyIrGenerationExtensions(convertToIr.kt:442)
	at org.jetbrains.kotlin.fir.pipeline.Fir2IrPipeline.runActualizationPipeline(convertToIr.kt:246)
	at org.jetbrains.kotlin.fir.pipeline.Fir2IrPipeline.convertToIrAndActualize(convertToIr.kt:130)
	at org.jetbrains.kotlin.fir.pipeline.ConvertToIrKt.convertToIrAndActualize(convertToIr.kt:99)
	at org.jetbrains.kotlin.fir.pipeline.ConvertToIrKt.convertToIrAndActualize$default(convertToIr.kt:72)
	at org.jetbrains.kotlin.cli.jvm.compiler.pipeline.JvmCompilerPipelineKt.convertToIrAndActualizeForJvm(jvmCompilerPipeline.kt:196)
	at org.jetbrains.kotlin.cli.jvm.compiler.pipeline.JvmCompilerPipelineKt.convertAnalyzedFirToIr(jvmCompilerPipeline.kt:169)
	at org.jetbrains.kotlin.cli.jvm.compiler.pipeline.JvmCompilerPipelineKt.compileModulesUsingFrontendIrAndLightTree(jvmCompilerPipeline.kt:140)
	at org.jetbrains.kotlin.cli.jvm.K2JVMCompiler.doExecute(K2JVMCompiler.kt:148)
	at org.jetbrains.kotlin.cli.jvm.K2JVMCompiler.doExecute(K2JVMCompiler.kt:43)
	at org.jetbrains.kotlin.cli.common.CLICompiler.execImpl(CLICompiler.kt:103)
	at org.jetbrains.kotlin.cli.common.CLICompiler.execImpl(CLICompiler.kt:49)
	at org.jetbrains.kotlin.cli.common.CLITool.exec(CLITool.kt:101)
	at org.jetbrains.kotlin.incremental.IncrementalJvmCompilerRunner.runCompiler(IncrementalJvmCompilerRunner.kt:464)
	at org.jetbrains.kotlin.incremental.IncrementalJvmCompilerRunner.runCompiler(IncrementalJvmCompilerRunner.kt:73)
	at org.jetbrains.kotlin.incremental.IncrementalCompilerRunner.doCompile(IncrementalCompilerRunner.kt:506)
	at org.jetbrains.kotlin.incremental.IncrementalCompilerRunner.compileImpl(IncrementalCompilerRunner.kt:423)
	at org.jetbrains.kotlin.incremental.IncrementalCompilerRunner.tryCompileIncrementally$lambda$9$compile(IncrementalCompilerRunner.kt:249)
	at org.jetbrains.kotlin.incremental.IncrementalCompilerRunner.tryCompileIncrementally(IncrementalCompilerRunner.kt:267)
	at org.jetbrains.kotlin.incremental.IncrementalCompilerRunner.compile(IncrementalCompilerRunner.kt:120)
	at org.jetbrains.kotlin.daemon.CompileServiceImplBase.execIncrementalCompiler(CompileServiceImpl.kt:675)
	at org.jetbrains.kotlin.daemon.CompileServiceImplBase.access$execIncrementalCompiler(CompileServiceImpl.kt:92)
	at org.jetbrains.kotlin.daemon.CompileServiceImpl.compile(CompileServiceImpl.kt:1660)
	at java.base/jdk.internal.reflect.DirectMethodHandleAccessor.invoke(Unknown Source)
	at java.base/java.lang.reflect.Method.invoke(Unknown Source)
	at java.rmi/sun.rmi.server.UnicastServerRef.dispatch(Unknown Source)
	at java.rmi/sun.rmi.transport.Transport$1.run(Unknown Source)
	at java.rmi/sun.rmi.transport.Transport$1.run(Unknown Source)
	at java.base/java.security.AccessController.doPrivileged(Unknown Source)
	at java.rmi/sun.rmi.transport.Transport.serviceCall(Unknown Source)
	at java.rmi/sun.rmi.transport.tcp.TCPTransport.handleMessages(Unknown Source)
	at java.rmi/sun.rmi.transport.tcp.TCPTransport$ConnectionHandler.run0(Unknown Source)
	at java.rmi/sun.rmi.transport.tcp.TCPTransport$ConnectionHandler.lambda$run$0(Unknown Source)
	at java.base/java.security.AccessController.doPrivileged(Unknown Source)
	at java.rmi/sun.rmi.transport.tcp.TCPTransport$ConnectionHandler.run(Unknown Source)
	at java.base/java.util.concurrent.ThreadPoolExecutor.runWorker(Unknown Source)
	at java.base/java.util.concurrent.ThreadPoolExecutor$Worker.run(Unknown Source)
	at java.base/java.lang.Thread.run(Unknown Source)
Caused by: java.lang.Exception: IR lowering failed at: MainActivity.kt
	at androidx.compose.compiler.plugins.kotlin.lower.DurableKeyTransformer.visitFile(DurableKeyTransformer.kt:475)
	at androidx.compose.compiler.plugins.kotlin.lower.DurableFunctionKeyTransformer.visitFile$lambda$8$lambda$7(DurableFunctionKeyTransformer.kt:240)
	at androidx.compose.compiler.plugins.kotlin.lower.DurableKeyVisitor.siblings(DurableKeyVisitor.kt:117)
	at androidx.compose.compiler.plugins.kotlin.lower.DurableKeyVisitor.root(DurableKeyVisitor.kt:152)
	at androidx.compose.compiler.plugins.kotlin.lower.DurableKeyTransformer.root(DurableKeyTransformer.kt:96)
	at androidx.compose.compiler.plugins.kotlin.lower.DurableFunctionKeyTransformer.visitFile(DurableFunctionKeyTransformer.kt:234)
	... 48 more
Caused by: java.lang.IndexOutOfBoundsException: Index 1 out of bounds for length 1
	at java.base/jdk.internal.util.Preconditions.outOfBounds(Unknown Source)
	at java.base/jdk.internal.util.Preconditions.outOfBoundsCheckIndex(Unknown Source)
	at java.base/jdk.internal.util.Preconditions.checkIndex(Unknown Source)
	at java.base/java.util.Objects.checkIndex(Unknown Source)
	at java.base/java.util.ArrayList.get(Unknown Source)
	at androidx.compose.compiler.plugins.kotlin.lower.DurableKeyTransformer.visitBlock(DurableKeyTransformer.kt:404)
	at org.jetbrains.kotlin.ir.visitors.IrElementTransformerVoid.visitBlock(IrElementTransformerVoid.kt:251)
	at org.jetbrains.kotlin.ir.visitors.IrElementTransformerVoid.visitBlock(IrElementTransformerVoid.kt:19)
	at org.jetbrains.kotlin.ir.expressions.IrBlock.accept(IrBlock.kt:18)
	at org.jetbrains.kotlin.ir.expressions.IrExpression.transform(IrExpression.kt:24)
	at androidx.compose.compiler.plugins.kotlin.lower.DurableKeyTransformer.visitLoop$lambda$34$lambda$33(DurableKeyTransformer.kt:306)
	at androidx.compose.compiler.plugins.kotlin.lower.DurableKeyVisitor.enter(DurableKeyVisitor.kt:96)
	at androidx.compose.compiler.plugins.kotlin.lower.DurableKeyTransformer.enter(DurableKeyTransformer.kt:97)
	at androidx.compose.compiler.plugins.kotlin.lower.DurableKeyTransformer.visitLoop$lambda$34(DurableKeyTransformer.kt:306)
	at androidx.compose.compiler.plugins.kotlin.lower.DurableKeyVisitor.enter(DurableKeyVisitor.kt:96)
	at androidx.compose.compiler.plugins.kotlin.lower.DurableKeyTransformer.enter(DurableKeyTransformer.kt:97)
	at androidx.compose.compiler.plugins.kotlin.lower.DurableKeyTransformer.visitLoop(DurableKeyTransformer.kt:305)
	at org.jetbrains.kotlin.ir.visitors.IrElementTransformerVoid.visitWhileLoop(IrElementTransformerVoid.kt:448)
	at org.jetbrains.kotlin.ir.visitors.IrElementTransformerVoid.visitWhileLoop(IrElementTransformerVoid.kt:451)
	at org.jetbrains.kotlin.ir.visitors.IrElementTransformerVoid.visitWhileLoop(IrElementTransformerVoid.kt:19)
	at org.jetbrains.kotlin.ir.expressions.IrWhileLoop.accept(IrWhileLoop.kt:19)
	at org.jetbrains.kotlin.ir.expressions.IrExpression.transform(IrExpression.kt:24)
	at org.jetbrains.kotlin.ir.expressions.IrExpression.transform(IrExpression.kt:20)
	at androidx.compose.compiler.plugins.kotlin.lower.DurableKeyTransformer.visitBlock(DurableKeyTransformer.kt:404)
	at org.jetbrains.kotlin.ir.visitors.IrElementTransformerVoid.visitBlock(IrElementTransformerVoid.kt:251)
	at org.jetbrains.kotlin.ir.visitors.IrElementTransformerVoid.visitBlock(IrElementTransformerVoid.kt:19)
	at org.jetbrains.kotlin.ir.expressions.IrBlock.accept(IrBlock.kt:18)
	at org.jetbrains.kotlin.ir.expressions.IrExpression.transform(IrExpression.kt:24)
	at org.jetbrains.kotlin.ir.expressions.IrExpression.transform(IrExpression.kt:20)
	at org.jetbrains.kotlin.ir.util.TransformKt.transformInPlace(transform.kt:35)
	at org.jetbrains.kotlin.ir.expressions.IrBlockBody.transformChildren(IrBlockBody.kt:27)
	at org.jetbrains.kotlin.ir.visitors.IrElementTransformerVoid.visitBody(IrElementTransformerVoid.kt:174)
	at org.jetbrains.kotlin.ir.visitors.IrElementTransformerVoid.visitBlockBody(IrElementTransformerVoid.kt:188)
	at androidx.compose.compiler.plugins.kotlin.lower.DurableKeyTransformer.visitBlockBody$lambda$52(DurableKeyTransformer.kt:438)
	at androidx.compose.compiler.plugins.kotlin.lower.DurableKeyVisitor.siblings(DurableKeyVisitor.kt:117)
	at androidx.compose.compiler.plugins.kotlin.lower.DurableKeyTransformer.siblings(DurableKeyTransformer.kt:99)
	at androidx.compose.compiler.plugins.kotlin.lower.DurableKeyTransformer.visitBlockBody(DurableKeyTransformer.kt:437)
	at org.jetbrains.kotlin.ir.visitors.IrElementTransformerVoid.visitBlockBody(IrElementTransformerVoid.kt:191)
	at org.jetbrains.kotlin.ir.visitors.IrElementTransformerVoid.visitBlockBody(IrElementTransformerVoid.kt:19)
	at org.jetbrains.kotlin.ir.expressions.IrBlockBody.accept(IrBlockBody.kt:20)
	at org.jetbrains.kotlin.ir.expressions.IrBody.transform(IrBody.kt:20)
	at org.jetbrains.kotlin.ir.declarations.IrFunction.transformChildren(IrFunction.kt:58)
	at org.jetbrains.kotlin.ir.visitors.IrElementTransformerVoid.visitDeclaration(IrElementTransformerVoid.kt:40)
	at org.jetbrains.kotlin.ir.visitors.IrElementTransformerVoid.visitFunction(IrElementTransformerVoid.kt:72)
	at org.jetbrains.kotlin.ir.visitors.IrElementTransformerVoid.visitSimpleFunction(IrElementTransformerVoid.kt:128)
	at androidx.compose.compiler.plugins.kotlin.lower.DurableKeyTransformer.visitSimpleFunction$lambda$32(DurableKeyTransformer.kt:297)
	at androidx.compose.compiler.plugins.kotlin.lower.DurableKeyVisitor.enter(DurableKeyVisitor.kt:96)
	at androidx.compose.compiler.plugins.kotlin.lower.DurableKeyTransformer.enter(DurableKeyTransformer.kt:97)
	at androidx.compose.compiler.plugins.kotlin.lower.DurableKeyTransformer.visitSimpleFunction(DurableKeyTransformer.kt:297)
	at androidx.compose.compiler.plugins.kotlin.lower.DurableFunctionKeyTransformer.visitSimpleFunction(DurableFunctionKeyTransformer.kt:261)
	at org.jetbrains.kotlin.ir.visitors.IrElementTransformerVoid.visitSimpleFunction(IrElementTransformerVoid.kt:131)
	at org.jetbrains.kotlin.ir.visitors.IrElementTransformerVoid.visitSimpleFunction(IrElementTransformerVoid.kt:19)
	at org.jetbrains.kotlin.ir.declarations.IrSimpleFunction.accept(IrSimpleFunction.kt:39)
	at org.jetbrains.kotlin.ir.IrElementBase.transform(IrElementBase.kt:33)
	at org.jetbrains.kotlin.ir.expressions.IrFunctionExpression.transformChildren(IrFunctionExpression.kt:31)
	at org.jetbrains.kotlin.ir.visitors.IrElementTransformerVoid.visitExpression(IrElementTransformerVoid.kt:166)
	at org.jetbrains.kotlin.ir.visitors.IrElementTransformerVoid.visitFunctionExpression(IrElementTransformerVoid.kt:424)
	at org.jetbrains.kotlin.ir.visitors.IrElementTransformerVoid.visitFunctionExpression(IrElementTransformerVoid.kt:427)
	at org.jetbrains.kotlin.ir.visitors.IrElementTransformerVoid.visitFunctionExpression(IrElementTransformerVoid.kt:19)
	at org.jetbrains.kotlin.ir.expressions.IrFunctionExpression.accept(IrFunctionExpression.kt:24)
	at org.jetbrains.kotlin.ir.expressions.IrExpression.transform(IrExpression.kt:24)
	at androidx.compose.compiler.plugins.kotlin.lower.DurableKeyTransformer.visitCall$lambda$24$lambda$23(DurableKeyTransformer.kt:246)
	at androidx.compose.compiler.plugins.kotlin.lower.DurableKeyVisitor.enter(DurableKeyVisitor.kt:96)
	at androidx.compose.compiler.plugins.kotlin.lower.DurableKeyTransformer.enter(DurableKeyTransformer.kt:97)
	at androidx.compose.compiler.plugins.kotlin.lower.DurableKeyTransformer.visitCall$lambda$24(DurableKeyTransformer.kt:245)
	at androidx.compose.compiler.plugins.kotlin.lower.DurableKeyVisitor.enter(DurableKeyVisitor.kt:96)
	at androidx.compose.compiler.plugins.kotlin.lower.DurableKeyTransformer.enter(DurableKeyTransformer.kt:97)
	at androidx.compose.compiler.plugins.kotlin.lower.DurableKeyTransformer.visitCall(DurableKeyTransformer.kt:234)
	at org.jetbrains.kotlin.ir.visitors.IrElementTransformerVoid.visitCall(IrElementTransformerVoid.kt:299)
	at org.jetbrains.kotlin.ir.visitors.IrElementTransformerVoid.visitCall(IrElementTransformerVoid.kt:19)
	at org.jetbrains.kotlin.ir.expressions.IrCall.accept(IrCall.kt:24)
	at org.jetbrains.kotlin.ir.expressions.IrExpression.transform(IrExpression.kt:24)
	at org.jetbrains.kotlin.ir.expressions.IrExpression.transform(IrExpression.kt:20)
	at org.jetbrains.kotlin.ir.util.TransformKt.transformInPlace(transform.kt:35)
	at org.jetbrains.kotlin.ir.expressions.IrBlockBody.transformChildren(IrBlockBody.kt:27)
	at org.jetbrains.kotlin.ir.visitors.IrElementTransformerVoid.visitBody(IrElementTransformerVoid.kt:174)
	at org.jetbrains.kotlin.ir.visitors.IrElementTransformerVoid.visitBlockBody(IrElementTransformerVoid.kt:188)
	at androidx.compose.compiler.plugins.kotlin.lower.DurableKeyTransformer.visitBlockBody$lambda$52(DurableKeyTransformer.kt:438)
	at androidx.compose.compiler.plugins.kotlin.lower.DurableKeyVisitor.siblings(DurableKeyVisitor.kt:117)
	at androidx.compose.compiler.plugins.kotlin.lower.DurableKeyTransformer.siblings(DurableKeyTransformer.kt:99)
	at androidx.compose.compiler.plugins.kotlin.lower.DurableKeyTransformer.visitBlockBody(DurableKeyTransformer.kt:437)
	at org.jetbrains.kotlin.ir.visitors.IrElementTransformerVoid.visitBlockBody(IrElementTransformerVoid.kt:191)
	at org.jetbrains.kotlin.ir.visitors.IrElementTransformerVoid.visitBlockBody(IrElementTransformerVoid.kt:19)
	at org.jetbrains.kotlin.ir.expressions.IrBlockBody.accept(IrBlockBody.kt:20)
	at org.jetbrains.kotlin.ir.expressions.IrBody.transform(IrBody.kt:20)
	at org.jetbrains.kotlin.ir.declarations.IrFunction.transformChildren(IrFunction.kt:58)
	at org.jetbrains.kotlin.ir.visitors.IrElementTransformerVoid.visitDeclaration(IrElementTransformerVoid.kt:40)
	at org.jetbrains.kotlin.ir.visitors.IrElementTransformerVoid.visitFunction(IrElementTransformerVoid.kt:72)
	at org.jetbrains.kotlin.ir.visitors.IrElementTransformerVoid.visitSimpleFunction(IrElementTransformerVoid.kt:128)
	at androidx.compose.compiler.plugins.kotlin.lower.DurableKeyTransformer.visitSimpleFunction$lambda$32(DurableKeyTransformer.kt:297)
	at androidx.compose.compiler.plugins.kotlin.lower.DurableKeyVisitor.enter(DurableKeyVisitor.kt:96)
	at androidx.compose.compiler.plugins.kotlin.lower.DurableKeyTransformer.enter(DurableKeyTransformer.kt:97)
	at androidx.compose.compiler.plugins.kotlin.lower.DurableKeyTransformer.visitSimpleFunction(DurableKeyTransformer.kt:297)
	at androidx.compose.compiler.plugins.kotlin.lower.DurableFunctionKeyTransformer.visitSimpleFunction(DurableFunctionKeyTransformer.kt:261)
	at org.jetbrains.kotlin.ir.visitors.IrElementTransformerVoid.visitSimpleFunction(IrElementTransformerVoid.kt:131)
	at org.jetbrains.kotlin.ir.visitors.IrElementTransformerVoid.visitSimpleFunction(IrElementTransformerVoid.kt:19)
	at org.jetbrains.kotlin.ir.declarations.IrSimpleFunction.accept(IrSimpleFunction.kt:39)
	at org.jetbrains.kotlin.ir.IrElementBase.transform(IrElementBase.kt:33)
	at org.jetbrains.kotlin.ir.expressions.IrFunctionExpression.transformChildren(IrFunctionExpression.kt:31)
	at org.jetbrains.kotlin.ir.visitors.IrElementTransformerVoid.visitExpression(IrElementTransformerVoid.kt:166)
	at org.jetbrains.kotlin.ir.visitors.IrElementTransformerVoid.visitFunctionExpression(IrElementTransformerVoid.kt:424)
	at org.jetbrains.kotlin.ir.visitors.IrElementTransformerVoid.visitFunctionExpression(IrElementTransformerVoid.kt:427)
	at org.jetbrains.kotlin.ir.visitors.IrElementTransformerVoid.visitFunctionExpression(IrElementTransformerVoid.kt:19)
	at org.jetbrains.kotlin.ir.expressions.IrFunctionExpression.accept(IrFunctionExpression.kt:24)
	at org.jetbrains.kotlin.ir.expressions.IrExpression.transform(IrExpression.kt:24)
	at androidx.compose.compiler.plugins.kotlin.lower.DurableKeyTransformer.visitCall$lambda$24$lambda$23(DurableKeyTransformer.kt:246)
	at androidx.compose.compiler.plugins.kotlin.lower.DurableKeyVisitor.enter(DurableKeyVisitor.kt:96)
	at androidx.compose.compiler.plugins.kotlin.lower.DurableKeyTransformer.enter(DurableKeyTransformer.kt:97)
	at androidx.compose.compiler.plugins.kotlin.lower.DurableKeyTransformer.visitCall$lambda$24(DurableKeyTransformer.kt:245)
	at androidx.compose.compiler.plugins.kotlin.lower.DurableKeyVisitor.enter(DurableKeyVisitor.kt:96)
	at androidx.compose.compiler.plugins.kotlin.lower.DurableKeyTransformer.enter(DurableKeyTransformer.kt:97)
	at androidx.compose.compiler.plugins.kotlin.lower.DurableKeyTransformer.visitCall(DurableKeyTransformer.kt:234)
	at org.jetbrains.kotlin.ir.visitors.IrElementTransformerVoid.visitCall(IrElementTransformerVoid.kt:299)
	at org.jetbrains.kotlin.ir.visitors.IrElementTransformerVoid.visitCall(IrElementTransformerVoid.kt:19)
	at org.jetbrains.kotlin.ir.expressions.IrCall.accept(IrCall.kt:24)
	at org.jetbrains.kotlin.ir.expressions.IrExpression.transform(IrExpression.kt:24)
	at org.jetbrains.kotlin.ir.expressions.IrExpression.transform(IrExpression.kt:20)
	at org.jetbrains.kotlin.ir.util.TransformKt.transformInPlace(transform.kt:35)
	at org.jetbrains.kotlin.ir.expressions.IrBlockBody.transformChildren(IrBlockBody.kt:27)
	at org.jetbrains.kotlin.ir.visitors.IrElementTransformerVoid.visitBody(IrElementTransformerVoid.kt:174)
	at org.jetbrains.kotlin.ir.visitors.IrElementTransformerVoid.visitBlockBody(IrElementTransformerVoid.kt:188)
	at androidx.compose.compiler.plugins.kotlin.lower.DurableKeyTransformer.visitBlockBody$lambda$52(DurableKeyTransformer.kt:438)
	at androidx.compose.compiler.plugins.kotlin.lower.DurableKeyVisitor.siblings(DurableKeyVisitor.kt:117)
	at androidx.compose.compiler.plugins.kotlin.lower.DurableKeyTransformer.siblings(DurableKeyTransformer.kt:99)
	at androidx.compose.compiler.plugins.kotlin.lower.DurableKeyTransformer.visitBlockBody(DurableKeyTransformer.kt:437)
	at org.jetbrains.kotlin.ir.visitors.IrElementTransformerVoid.visitBlockBody(IrElementTransformerVoid.kt:191)
	at org.jetbrains.kotlin.ir.visitors.IrElementTransformerVoid.visitBlockBody(IrElementTransformerVoid.kt:19)
	at org.jetbrains.kotlin.ir.expressions.IrBlockBody.accept(IrBlockBody.kt:20)
	at org.jetbrains.kotlin.ir.expressions.IrBody.transform(IrBody.kt:20)
	at org.jetbrains.kotlin.ir.declarations.IrFunction.transformChildren(IrFunction.kt:58)
	at org.jetbrains.kotlin.ir.visitors.IrElementTransformerVoid.visitDeclaration(IrElementTransformerVoid.kt:40)
	at org.jetbrains.kotlin.ir.visitors.IrElementTransformerVoid.visitFunction(IrElementTransformerVoid.kt:72)
	at org.jetbrains.kotlin.ir.visitors.IrElementTransformerVoid.visitSimpleFunction(IrElementTransformerVoid.kt:128)
	at androidx.compose.compiler.plugins.kotlin.lower.DurableKeyTransformer.visitSimpleFunction$lambda$32(DurableKeyTransformer.kt:297)
	at androidx.compose.compiler.plugins.kotlin.lower.DurableKeyVisitor.enter(DurableKeyVisitor.kt:96)
	at androidx.compose.compiler.plugins.kotlin.lower.DurableKeyTransformer.enter(DurableKeyTransformer.kt:97)
	at androidx.compose.compiler.plugins.kotlin.lower.DurableKeyTransformer.visitSimpleFunction(DurableKeyTransformer.kt:297)
	at androidx.compose.compiler.plugins.kotlin.lower.DurableFunctionKeyTransformer.visitSimpleFunction(DurableFunctionKeyTransformer.kt:261)
	at org.jetbrains.kotlin.ir.visitors.IrElementTransformerVoid.visitSimpleFunction(IrElementTransformerVoid.kt:131)
	at org.jetbrains.kotlin.ir.visitors.IrElementTransformerVoid.visitSimpleFunction(IrElementTransformerVoid.kt:19)
	at org.jetbrains.kotlin.ir.declarations.IrSimpleFunction.accept(IrSimpleFunction.kt:39)
	at org.jetbrains.kotlin.ir.IrElementBase.transform(IrElementBase.kt:33)
	at org.jetbrains.kotlin.ir.util.TransformKt.transformInPlace(transform.kt:35)
	at org.jetbrains.kotlin.ir.declarations.IrFile.transformChildren(IrFile.kt:38)
	at org.jetbrains.kotlin.ir.visitors.IrElementTransformerVoid.visitPackageFragment(IrElementTransformerVoid.kt:146)
	at androidx.compose.compiler.plugins.kotlin.lower.DurableKeyTransformer.visitPackageFragment$lambda$3(DurableKeyTransformer.kt:127)
	at androidx.compose.compiler.plugins.kotlin.lower.DurableKeyVisitor.enter(DurableKeyVisitor.kt:96)
	at androidx.compose.compiler.plugins.kotlin.lower.DurableKeyTransformer.enter(DurableKeyTransformer.kt:97)
	at androidx.compose.compiler.plugins.kotlin.lower.DurableKeyTransformer.visitPackageFragment(DurableKeyTransformer.kt:126)
	at org.jetbrains.kotlin.ir.visitors.IrElementTransformerVoid.visitFile(IrElementTransformerVoid.kt:160)
	at androidx.compose.compiler.plugins.kotlin.lower.DurableKeyTransformer.visitFile$lambda$2$lambda$1(DurableKeyTransformer.kt:121)
	at androidx.compose.compiler.plugins.kotlin.lower.DurableKeyVisitor.enter(DurableKeyVisitor.kt:96)
	at androidx.compose.compiler.plugins.kotlin.lower.DurableKeyTransformer.enter(DurableKeyTransformer.kt:97)
	at androidx.compose.compiler.plugins.kotlin.lower.DurableKeyTransformer.visitFile(DurableKeyTransformer.kt:121)
	... 53 more


